

Started HEAD "/" for 127.0.0.1 at 2013-03-09 16:46:15 +1100
Processing by Rails::WelcomeController#index as HTML
  Rendered vendor/bundle/ruby/2.0.0/gems/railties-4.0.0.beta1/lib/rails/templates/rails/welcome/index.html.erb (1.4ms)
Completed 200 OK in 8ms (Views: 7.7ms | ActiveRecord: 0.0ms)


Started GET "/" for 127.0.0.1 at 2013-03-09 16:46:22 +1100
Processing by Rails::WelcomeController#index as HTML
  Rendered vendor/bundle/ruby/2.0.0/gems/railties-4.0.0.beta1/lib/rails/templates/rails/welcome/index.html.erb (0.1ms)
Completed 200 OK in 4ms (Views: 4.0ms | ActiveRecord: 0.0ms)


Started GET "/assets/rails.png" for 127.0.0.1 at 2013-03-09 16:46:23 +1100


Started GET "/" for 127.0.0.1 at 2013-03-09 16:47:21 +1100
Processing by Rails::WelcomeController#index as HTML
  Rendered vendor/bundle/ruby/2.0.0/gems/railties-4.0.0.beta1/lib/rails/templates/rails/welcome/index.html.erb (0.0ms)
Completed 200 OK in 2ms (Views: 2.0ms | ActiveRecord: 0.0ms)


Started GET "/assets/rails.png" for 127.0.0.1 at 2013-03-09 16:47:21 +1100


Started GET "/" for 127.0.0.1 at 2013-03-09 16:47:22 +1100
Processing by Rails::WelcomeController#index as HTML
  Rendered vendor/bundle/ruby/2.0.0/gems/railties-4.0.0.beta1/lib/rails/templates/rails/welcome/index.html.erb (0.0ms)
Completed 200 OK in 2ms (Views: 1.7ms | ActiveRecord: 0.0ms)


Started GET "/assets/rails.png" for 127.0.0.1 at 2013-03-09 16:47:22 +1100


Started GET "/" for 127.0.0.1 at 2013-03-09 16:47:23 +1100
Processing by Rails::WelcomeController#index as HTML
  Rendered vendor/bundle/ruby/2.0.0/gems/railties-4.0.0.beta1/lib/rails/templates/rails/welcome/index.html.erb (0.0ms)
Completed 200 OK in 2ms (Views: 1.6ms | ActiveRecord: 0.0ms)


Started GET "/assets/rails.png" for 127.0.0.1 at 2013-03-09 16:47:23 +1100


Started GET "/" for 127.0.0.1 at 2013-03-09 16:47:24 +1100
Processing by Rails::WelcomeController#index as HTML
  Rendered vendor/bundle/ruby/2.0.0/gems/railties-4.0.0.beta1/lib/rails/templates/rails/welcome/index.html.erb (0.1ms)
Completed 200 OK in 2ms (Views: 2.1ms | ActiveRecord: 0.0ms)


Started GET "/assets/rails.png" for 127.0.0.1 at 2013-03-09 16:47:24 +1100


Started GET "/" for 127.0.0.1 at 2013-03-09 16:47:24 +1100
Processing by Rails::WelcomeController#index as HTML
  Rendered vendor/bundle/ruby/2.0.0/gems/railties-4.0.0.beta1/lib/rails/templates/rails/welcome/index.html.erb (0.0ms)
Completed 200 OK in 2ms (Views: 1.7ms | ActiveRecord: 0.0ms)


Started GET "/assets/rails.png" for 127.0.0.1 at 2013-03-09 16:47:24 +1100


Started GET "/" for 127.0.0.1 at 2013-03-09 18:57:53 +1100
Processing by Rails::WelcomeController#index as HTML
  Rendered /Users/keithpitt/.fundler/gems/railties-4.0.0.beta1/lib/rails/templates/rails/welcome/index.html.erb (2.0ms)
Completed 200 OK in 11ms (Views: 10.3ms)


Started GET "/assets/rails.png" for 127.0.0.1 at 2013-03-09 18:57:53 +1100


Started GET "/" for 127.0.0.1 at 2013-03-09 18:59:29 +1100
Processing by Rails::WelcomeController#index as HTML
  Rendered /Users/keithpitt/.fundler/gems/railties-4.0.0.beta1/lib/rails/templates/rails/welcome/index.html.erb (1.3ms)
Completed 200 OK in 7ms (Views: 6.3ms)


Started GET "/assets/rails.png" for 127.0.0.1 at 2013-03-09 18:59:29 +1100


Started GET "/" for 127.0.0.1 at 2013-03-09 18:59:30 +1100
Processing by Rails::WelcomeController#index as HTML
  Rendered /Users/keithpitt/.fundler/gems/railties-4.0.0.beta1/lib/rails/templates/rails/welcome/index.html.erb (0.1ms)
Completed 200 OK in 3ms (Views: 2.5ms)


Started GET "/assets/rails.png" for 127.0.0.1 at 2013-03-09 18:59:30 +1100


Started GET "/" for 127.0.0.1 at 2013-03-09 18:59:30 +1100
Processing by Rails::WelcomeController#index as HTML
  Rendered /Users/keithpitt/.fundler/gems/railties-4.0.0.beta1/lib/rails/templates/rails/welcome/index.html.erb (0.1ms)
Completed 200 OK in 2ms (Views: 2.1ms)


Started GET "/assets/rails.png" for 127.0.0.1 at 2013-03-09 18:59:30 +1100


Started GET "/" for 127.0.0.1 at 2013-03-09 18:59:30 +1100
Processing by Rails::WelcomeController#index as HTML
  Rendered /Users/keithpitt/.fundler/gems/railties-4.0.0.beta1/lib/rails/templates/rails/welcome/index.html.erb (0.1ms)
Completed 200 OK in 3ms (Views: 2.5ms)


Started GET "/assets/rails.png" for 127.0.0.1 at 2013-03-09 18:59:30 +1100


Started GET "/" for 127.0.0.1 at 2013-03-09 18:59:32 +1100
Processing by Rails::WelcomeController#index as HTML
  Rendered /Users/keithpitt/.fundler/gems/railties-4.0.0.beta1/lib/rails/templates/rails/welcome/index.html.erb (0.1ms)
Completed 200 OK in 2ms (Views: 2.1ms)


Started GET "/assets/rails.png" for 127.0.0.1 at 2013-03-09 18:59:32 +1100


Started GET "/" for 127.0.0.1 at 2013-03-09 18:59:32 +1100
Processing by Rails::WelcomeController#index as HTML
  Rendered /Users/keithpitt/.fundler/gems/railties-4.0.0.beta1/lib/rails/templates/rails/welcome/index.html.erb (0.1ms)
Completed 200 OK in 2ms (Views: 2.4ms)


Started GET "/assets/rails.png" for 127.0.0.1 at 2013-03-09 18:59:32 +1100


Started GET "/" for 127.0.0.1 at 2013-03-09 18:59:32 +1100
Processing by Rails::WelcomeController#index as HTML
  Rendered /Users/keithpitt/.fundler/gems/railties-4.0.0.beta1/lib/rails/templates/rails/welcome/index.html.erb (0.1ms)
Completed 200 OK in 2ms (Views: 2.1ms)


Started GET "/assets/rails.png" for 127.0.0.1 at 2013-03-09 18:59:32 +1100


Started GET "/" for 127.0.0.1 at 2013-03-09 18:59:32 +1100
Processing by Rails::WelcomeController#index as HTML
  Rendered /Users/keithpitt/.fundler/gems/railties-4.0.0.beta1/lib/rails/templates/rails/welcome/index.html.erb (0.0ms)
Completed 200 OK in 2ms (Views: 1.6ms)


Started GET "/assets/rails.png" for 127.0.0.1 at 2013-03-09 18:59:33 +1100


Started GET "/" for 127.0.0.1 at 2013-03-09 18:59:33 +1100
Processing by Rails::WelcomeController#index as HTML
  Rendered /Users/keithpitt/.fundler/gems/railties-4.0.0.beta1/lib/rails/templates/rails/welcome/index.html.erb (0.1ms)
Completed 200 OK in 2ms (Views: 2.1ms)


Started GET "/assets/rails.png" for 127.0.0.1 at 2013-03-09 18:59:33 +1100


Started GET "/" for 127.0.0.1 at 2013-03-09 18:59:33 +1100
Processing by Rails::WelcomeController#index as HTML
  Rendered /Users/keithpitt/.fundler/gems/railties-4.0.0.beta1/lib/rails/templates/rails/welcome/index.html.erb (0.0ms)
Completed 200 OK in 2ms (Views: 1.7ms)


Started GET "/assets/rails.png" for 127.0.0.1 at 2013-03-09 18:59:33 +1100


Started GET "/" for 127.0.0.1 at 2013-03-09 19:00:52 +1100
Processing by WelcomeController#index as HTML
  Rendered welcome/index.html.erb within layouts/application (0.5ms)
Completed 500 Internal Server Error in 19ms

ActionView::Template::Error (couldn't find file 'jquery'
  (in /Users/keithpitt/Development/fundler/app/assets/javascripts/application.js:13)):
    3: <head>
    4:   <title>Fundler</title>
    5:   <%= stylesheet_link_tag    "application", media: "all", "data-turbolinks-track" => true %>
    6:   <%= javascript_include_tag "application", "data-turbolinks-track" => true %>
    7:   <%= csrf_meta_tags %>
    8: </head>
    9: <body>
  app/views/layouts/application.html.erb:6:in `_app_views_layouts_application_html_erb___3372175509568310982_70136886498800'


  Rendered /Users/keithpitt/.fundler/gems/actionpack-4.0.0.beta1/lib/action_dispatch/middleware/templates/rescues/_trace.erb (1.4ms)
  Rendered /Users/keithpitt/.fundler/gems/actionpack-4.0.0.beta1/lib/action_dispatch/middleware/templates/rescues/_request_and_response.erb (35.3ms)
  Rendered /Users/keithpitt/.fundler/gems/actionpack-4.0.0.beta1/lib/action_dispatch/middleware/templates/rescues/template_error.erb within rescues/layout (47.0ms)


Started GET "/" for 127.0.0.1 at 2013-03-09 19:01:12 +1100
Processing by WelcomeController#index as HTML
  Rendered welcome/index.html.erb within layouts/application (0.1ms)
Completed 500 Internal Server Error in 9ms

ActionView::Template::Error (couldn't find file 'jquery'
  (in /Users/keithpitt/Development/fundler/app/assets/javascripts/application.js:13)):
    3: <head>
    4:   <title>Fundler</title>
    5:   <%= stylesheet_link_tag    "application", media: "all", "data-turbolinks-track" => true %>
    6:   <%= javascript_include_tag "application", "data-turbolinks-track" => true %>
    7:   <%= csrf_meta_tags %>
    8: </head>
    9: <body>
  app/views/layouts/application.html.erb:6:in `_app_views_layouts_application_html_erb___3372175509568310982_70136886498800'


  Rendered /Users/keithpitt/.fundler/gems/actionpack-4.0.0.beta1/lib/action_dispatch/middleware/templates/rescues/_trace.erb (1.3ms)
  Rendered /Users/keithpitt/.fundler/gems/actionpack-4.0.0.beta1/lib/action_dispatch/middleware/templates/rescues/_request_and_response.erb (1.1ms)
  Rendered /Users/keithpitt/.fundler/gems/actionpack-4.0.0.beta1/lib/action_dispatch/middleware/templates/rescues/template_error.erb within rescues/layout (10.0ms)


Started GET "/" for 127.0.0.1 at 2013-03-09 19:01:13 +1100
Processing by WelcomeController#index as HTML
  Rendered welcome/index.html.erb within layouts/application (0.1ms)
Completed 500 Internal Server Error in 9ms

ActionView::Template::Error (couldn't find file 'jquery'
  (in /Users/keithpitt/Development/fundler/app/assets/javascripts/application.js:13)):
    3: <head>
    4:   <title>Fundler</title>
    5:   <%= stylesheet_link_tag    "application", media: "all", "data-turbolinks-track" => true %>
    6:   <%= javascript_include_tag "application", "data-turbolinks-track" => true %>
    7:   <%= csrf_meta_tags %>
    8: </head>
    9: <body>
  app/views/layouts/application.html.erb:6:in `_app_views_layouts_application_html_erb___3372175509568310982_70136886498800'


  Rendered /Users/keithpitt/.fundler/gems/actionpack-4.0.0.beta1/lib/action_dispatch/middleware/templates/rescues/_trace.erb (2.2ms)
  Rendered /Users/keithpitt/.fundler/gems/actionpack-4.0.0.beta1/lib/action_dispatch/middleware/templates/rescues/_request_and_response.erb (1.2ms)
  Rendered /Users/keithpitt/.fundler/gems/actionpack-4.0.0.beta1/lib/action_dispatch/middleware/templates/rescues/template_error.erb within rescues/layout (13.9ms)


Started GET "/" for 127.0.0.1 at 2013-03-09 19:01:13 +1100
Processing by WelcomeController#index as HTML
  Rendered welcome/index.html.erb within layouts/application (0.0ms)
Completed 500 Internal Server Error in 8ms

ActionView::Template::Error (couldn't find file 'jquery'
  (in /Users/keithpitt/Development/fundler/app/assets/javascripts/application.js:13)):
    3: <head>
    4:   <title>Fundler</title>
    5:   <%= stylesheet_link_tag    "application", media: "all", "data-turbolinks-track" => true %>
    6:   <%= javascript_include_tag "application", "data-turbolinks-track" => true %>
    7:   <%= csrf_meta_tags %>
    8: </head>
    9: <body>
  app/views/layouts/application.html.erb:6:in `_app_views_layouts_application_html_erb___3372175509568310982_70136886498800'


  Rendered /Users/keithpitt/.fundler/gems/actionpack-4.0.0.beta1/lib/action_dispatch/middleware/templates/rescues/_trace.erb (1.5ms)
  Rendered /Users/keithpitt/.fundler/gems/actionpack-4.0.0.beta1/lib/action_dispatch/middleware/templates/rescues/_request_and_response.erb (1.2ms)
  Rendered /Users/keithpitt/.fundler/gems/actionpack-4.0.0.beta1/lib/action_dispatch/middleware/templates/rescues/template_error.erb within rescues/layout (11.7ms)


Started GET "/" for 127.0.0.1 at 2013-03-09 19:01:14 +1100
Processing by WelcomeController#index as HTML
  Rendered welcome/index.html.erb within layouts/application (0.0ms)
Completed 500 Internal Server Error in 9ms

ActionView::Template::Error (couldn't find file 'jquery'
  (in /Users/keithpitt/Development/fundler/app/assets/javascripts/application.js:13)):
    3: <head>
    4:   <title>Fundler</title>
    5:   <%= stylesheet_link_tag    "application", media: "all", "data-turbolinks-track" => true %>
    6:   <%= javascript_include_tag "application", "data-turbolinks-track" => true %>
    7:   <%= csrf_meta_tags %>
    8: </head>
    9: <body>
  app/views/layouts/application.html.erb:6:in `_app_views_layouts_application_html_erb___3372175509568310982_70136886498800'


  Rendered /Users/keithpitt/.fundler/gems/actionpack-4.0.0.beta1/lib/action_dispatch/middleware/templates/rescues/_trace.erb (1.3ms)
  Rendered /Users/keithpitt/.fundler/gems/actionpack-4.0.0.beta1/lib/action_dispatch/middleware/templates/rescues/_request_and_response.erb (1.6ms)
  Rendered /Users/keithpitt/.fundler/gems/actionpack-4.0.0.beta1/lib/action_dispatch/middleware/templates/rescues/template_error.erb within rescues/layout (12.1ms)


Started GET "/" for 127.0.0.1 at 2013-03-09 19:01:18 +1100
Processing by WelcomeController#index as HTML
  Rendered welcome/index.html.erb within layouts/application (0.1ms)
Completed 200 OK in 14ms (Views: 14.0ms)


Started GET "/assets/application.css?body=1" for 127.0.0.1 at 2013-03-09 19:01:18 +1100


Started GET "/assets/application.js?body=1" for 127.0.0.1 at 2013-03-09 19:01:18 +1100


Started GET "/" for 127.0.0.1 at 2013-03-09 19:03:16 +1100
Processing by WelcomeController#index as HTML
  Rendered welcome/index.html.erb within layouts/application (0.1ms)
Completed 200 OK in 12ms (Views: 11.6ms)


Started GET "/assets/application.css?body=1" for 127.0.0.1 at 2013-03-09 19:03:16 +1100


Started GET "/assets/application.js?body=1" for 127.0.0.1 at 2013-03-09 19:03:16 +1100


Started GET "/" for 127.0.0.1 at 2013-03-09 19:03:17 +1100
Processing by WelcomeController#index as HTML
  Rendered welcome/index.html.erb within layouts/application (0.1ms)
Completed 200 OK in 4ms (Views: 3.8ms)


Started GET "/assets/application.js?body=1" for 127.0.0.1 at 2013-03-09 19:03:17 +1100


Started GET "/assets/application.css?body=1" for 127.0.0.1 at 2013-03-09 19:03:17 +1100


Started GET "/" for 127.0.0.1 at 2013-03-09 19:03:17 +1100
Processing by WelcomeController#index as HTML
  Rendered welcome/index.html.erb within layouts/application (0.1ms)
Completed 200 OK in 5ms (Views: 4.7ms)


Started GET "/assets/application.css?body=1" for 127.0.0.1 at 2013-03-09 19:03:17 +1100


Started GET "/assets/application.js?body=1" for 127.0.0.1 at 2013-03-09 19:03:17 +1100


Started GET "/" for 127.0.0.1 at 2013-03-09 19:03:17 +1100
Processing by WelcomeController#index as HTML
  Rendered welcome/index.html.erb within layouts/application (0.0ms)
Completed 200 OK in 3ms (Views: 3.2ms)


Started GET "/assets/application.css?body=1" for 127.0.0.1 at 2013-03-09 19:03:17 +1100


Started GET "/assets/application.js?body=1" for 127.0.0.1 at 2013-03-09 19:03:17 +1100


Started GET "/" for 127.0.0.1 at 2013-03-09 19:03:17 +1100
Processing by WelcomeController#index as HTML
  Rendered welcome/index.html.erb within layouts/application (0.1ms)
Completed 200 OK in 4ms (Views: 4.0ms)


Started GET "/assets/application.css?body=1" for 127.0.0.1 at 2013-03-09 19:03:17 +1100


Started GET "/assets/application.js?body=1" for 127.0.0.1 at 2013-03-09 19:03:17 +1100


Started GET "/" for 127.0.0.1 at 2013-03-09 19:03:17 +1100
Processing by WelcomeController#index as HTML
  Rendered welcome/index.html.erb within layouts/application (0.1ms)
Completed 200 OK in 4ms (Views: 3.9ms)


Started GET "/assets/application.js?body=1" for 127.0.0.1 at 2013-03-09 19:03:17 +1100


Started GET "/assets/application.css?body=1" for 127.0.0.1 at 2013-03-09 19:03:17 +1100


Started GET "/" for 127.0.0.1 at 2013-03-09 19:03:18 +1100
Processing by WelcomeController#index as HTML
  Rendered welcome/index.html.erb within layouts/application (0.0ms)
Completed 200 OK in 4ms (Views: 3.7ms)


Started GET "/assets/application.css?body=1" for 127.0.0.1 at 2013-03-09 19:03:18 +1100


Started GET "/assets/application.js?body=1" for 127.0.0.1 at 2013-03-09 19:03:18 +1100


Started GET "/" for 127.0.0.1 at 2013-03-09 19:03:18 +1100
Processing by WelcomeController#index as HTML
  Rendered welcome/index.html.erb within layouts/application (0.0ms)
Completed 200 OK in 3ms (Views: 2.8ms)


Started GET "/assets/application.js?body=1" for 127.0.0.1 at 2013-03-09 19:03:18 +1100


Started GET "/assets/application.css?body=1" for 127.0.0.1 at 2013-03-09 19:03:18 +1100


Started GET "/" for 127.0.0.1 at 2013-03-09 19:03:18 +1100
Processing by WelcomeController#index as HTML
  Rendered welcome/index.html.erb within layouts/application (0.0ms)
Completed 200 OK in 4ms (Views: 3.7ms)


Started GET "/assets/application.js?body=1" for 127.0.0.1 at 2013-03-09 19:03:18 +1100


Started GET "/assets/application.css?body=1" for 127.0.0.1 at 2013-03-09 19:03:18 +1100


Started GET "/" for 127.0.0.1 at 2013-03-09 19:09:14 +1100
Processing by WelcomeController#index as HTML
  Rendered welcome/index.html.erb within layouts/application (0.0ms)
Completed 200 OK in 4ms (Views: 3.9ms)


Started GET "/assets/application.js?body=1" for 127.0.0.1 at 2013-03-09 19:09:14 +1100


Started GET "/assets/application.css?body=1" for 127.0.0.1 at 2013-03-09 19:09:14 +1100


Started GET "/" for 127.0.0.1 at 2013-03-09 19:09:35 +1100
Processing by WelcomeController#index as HTML
  Rendered welcome/index.html.erb within layouts/application (0.0ms)
Completed 200 OK in 4ms (Views: 4.1ms)


Started GET "/assets/application.css?body=1" for 127.0.0.1 at 2013-03-09 19:09:35 +1100


Started GET "/assets/application.js?body=1" for 127.0.0.1 at 2013-03-09 19:09:35 +1100


Started GET "/" for 127.0.0.1 at 2013-03-09 19:09:35 +1100
Processing by WelcomeController#index as HTML
  Rendered welcome/index.html.erb within layouts/application (0.1ms)
Completed 200 OK in 5ms (Views: 4.4ms)


Started GET "/assets/application.js?body=1" for 127.0.0.1 at 2013-03-09 19:09:35 +1100


Started GET "/assets/application.css?body=1" for 127.0.0.1 at 2013-03-09 19:09:35 +1100


Started GET "/" for 127.0.0.1 at 2013-03-09 19:09:36 +1100
Processing by WelcomeController#index as HTML
  Rendered welcome/index.html.erb within layouts/application (0.1ms)
Completed 200 OK in 7ms (Views: 6.5ms)


Started GET "/assets/application.css?body=1" for 127.0.0.1 at 2013-03-09 19:09:36 +1100


Started GET "/assets/application.js?body=1" for 127.0.0.1 at 2013-03-09 19:09:36 +1100


Started GET "/" for 127.0.0.1 at 2013-03-09 19:09:36 +1100
Processing by WelcomeController#index as HTML
  Rendered welcome/index.html.erb within layouts/application (0.0ms)
Completed 200 OK in 4ms (Views: 4.0ms)


Started GET "/assets/application.js?body=1" for 127.0.0.1 at 2013-03-09 19:09:36 +1100


Started GET "/assets/application.css?body=1" for 127.0.0.1 at 2013-03-09 19:09:36 +1100


Started GET "/" for 127.0.0.1 at 2013-03-09 19:09:36 +1100
Processing by WelcomeController#index as HTML
  Rendered welcome/index.html.erb within layouts/application (0.0ms)
Completed 200 OK in 4ms (Views: 4.2ms)


Started GET "/assets/application.js?body=1" for 127.0.0.1 at 2013-03-09 19:09:36 +1100


Started GET "/assets/application.css?body=1" for 127.0.0.1 at 2013-03-09 19:09:36 +1100


Started GET "/" for 127.0.0.1 at 2013-03-09 19:09:36 +1100
Processing by WelcomeController#index as HTML
  Rendered welcome/index.html.erb within layouts/application (0.0ms)
Completed 200 OK in 4ms (Views: 3.6ms)


Started GET "/assets/application.css?body=1" for 127.0.0.1 at 2013-03-09 19:09:36 +1100


Started GET "/assets/application.js?body=1" for 127.0.0.1 at 2013-03-09 19:09:36 +1100


Started GET "/" for 127.0.0.1 at 2013-03-09 19:09:37 +1100
Processing by WelcomeController#index as HTML
  Rendered welcome/index.html.erb within layouts/application (0.0ms)
Completed 200 OK in 4ms (Views: 3.9ms)


Started GET "/assets/application.css?body=1" for 127.0.0.1 at 2013-03-09 19:09:37 +1100


Started GET "/assets/application.js?body=1" for 127.0.0.1 at 2013-03-09 19:09:37 +1100


Started GET "/" for 127.0.0.1 at 2013-03-09 19:43:58 +1100
Processing by WelcomeController#index as HTML
  Rendered welcome/index.html.erb within layouts/application (1.4ms)
Completed 200 OK in 51ms (Views: 50.4ms)


Started GET "/assets/application.css?body=1" for 127.0.0.1 at 2013-03-09 19:43:58 +1100


Started GET "/assets/application.js?body=1" for 127.0.0.1 at 2013-03-09 19:43:58 +1100


Started GET "/" for 127.0.0.1 at 2013-03-09 19:43:59 +1100
Processing by WelcomeController#index as HTML
  Rendered welcome/index.html.erb within layouts/application (0.1ms)
Completed 200 OK in 5ms (Views: 5.1ms)


Started GET "/assets/application.js?body=1" for 127.0.0.1 at 2013-03-09 19:43:59 +1100


Started GET "/assets/application.css?body=1" for 127.0.0.1 at 2013-03-09 19:43:59 +1100
